build/app/intermediates/manifest_merge_blame_file/debug/manifest-merger-blame-debug-report.txt
1<?xml version="1.0" encoding="utf-8"?>
2<manifest xmlns:android="http://schemas.android.com/apk/res/android"
3    package="com.example.tutorinv"
4    android:versionCode="1"
5    android:versionName="1.0.0" >
6
7    <uses-sdk
8        android:minSdkVersion="16"
9        android:targetSdkVersion="28" />
10    <!--
11         Flutter needs it to communicate with the running application
12         to allow setting breakpoints, to provide hot reload, etc.
13    -->
14    <uses-permission android:name="android.permission.INTERNET" />
14-->src/debug/AndroidManifest.xml:6:5-66
14-->src/debug/AndroidManifest.xml:6:22-64
15    <!-- Although the *SdkVersion is captured in gradle build files, this is required for non gradle builds -->
16    <!-- <uses-sdk android:minSdkVersion="14"/> -->
17    <uses-permission android:name="android.permission.ACCESS_NETWORK_STATE" />
17-->[com.google.firebase:firebase-database:17.0.0] AndroidManifest.xml:25:5-79
17-->[com.google.firebase:firebase-database:17.0.0] AndroidManifest.xml:25:22-76
18    <!--
19 io.flutter.app.FlutterApplication is an android.app.Application that
20         calls FlutterMain.startInitialization(this); in its onCreate method.
21         In most cases you can leave this as-is, but you if you want to provide
22         additional functionality it is fine to subclass or reimplement
23         FlutterApplication and put your custom class here.
24    -->
25    <application
25-->src/main/AndroidManifest.xml:8:5-29:19
26        android:name="io.flutter.app.FlutterApplication"
26-->src/main/AndroidManifest.xml:9:9-57
27        android:appComponentFactory="androidx.core.app.CoreComponentFactory"
27-->[androidx.core:core:1.1.0] AndroidManifest.xml:24:18-86
28        android:debuggable="true"
29        android:icon="@mipmap/ic_launcher"
29-->src/main/AndroidManifest.xml:11:9-43
30        android:label="tutorinv"
30-->src/main/AndroidManifest.xml:10:9-33
31        android:supportsRtl="true" >
31-->[com.facebook.android:facebook-login:5.5.1] AndroidManifest.xml:28:18-44
32        <activity
32-->src/main/AndroidManifest.xml:12:9-23:20
33            android:name="com.example.tutorinv.MainActivity"
33-->src/main/AndroidManifest.xml:13:13-41
34            android:configChanges="orientation|keyboardHidden|keyboard|screenSize|smallestScreenSize|locale|layoutDirection|fontScale|screenLayout|density|uiMode"
34-->src/main/AndroidManifest.xml:16:13-163
35            android:hardwareAccelerated="true"
35-->src/main/AndroidManifest.xml:17:13-47
36            android:launchMode="singleTop"
36-->src/main/AndroidManifest.xml:14:13-43
37            android:theme="@style/LaunchTheme"
37-->src/main/AndroidManifest.xml:15:13-47
38            android:windowSoftInputMode="adjustResize" >
38-->src/main/AndroidManifest.xml:18:13-55
39            <intent-filter>
39-->src/main/AndroidManifest.xml:19:13-22:29
40                <action android:name="android.intent.action.MAIN" />
40-->src/main/AndroidManifest.xml:20:17-68
40-->src/main/AndroidManifest.xml:20:25-66
41
42                <category android:name="android.intent.category.LAUNCHER" />
42-->src/main/AndroidManifest.xml:21:17-76
42-->src/main/AndroidManifest.xml:21:27-74
43            </intent-filter>
44        </activity>
45        <!--
46             Don't delete the meta-data below.
47             This is used by the Flutter tool to generate GeneratedPluginRegistrant.java
48        -->
49        <meta-data
49-->src/main/AndroidManifest.xml:26:9-28:33
50            android:name="flutterEmbedding"
50-->src/main/AndroidManifest.xml:27:13-44
51            android:value="2" />
51-->src/main/AndroidManifest.xml:28:13-30
52
53        <service
53-->[:firebase_auth] AndroidManifest.xml:8:9-12:19
54            android:name="com.google.firebase.components.ComponentDiscoveryService"
54-->[:firebase_auth] AndroidManifest.xml:8:18-89
55            android:directBootAware="true"
55-->[com.google.firebase:firebase-common:19.3.0] AndroidManifest.xml:34:13-43
56            android:exported="false" >
56-->[com.google.firebase:firebase-auth:19.2.0] AndroidManifest.xml:35:13-37
57            <meta-data
57-->[:firebase_auth] AndroidManifest.xml:9:13-11:85
58                android:name="com.google.firebase.components:io.flutter.plugins.firebaseauth.FlutterFirebaseAppRegistrar"
58-->[:firebase_auth] AndroidManifest.xml:10:17-122
59                android:value="com.google.firebase.components.ComponentRegistrar" />
59-->[:firebase_auth] AndroidManifest.xml:11:17-82
60            <meta-data
60-->[:firebase_database] AndroidManifest.xml:9:13-11:85
61                android:name="com.google.firebase.components:io.flutter.plugins.firebase.database.FlutterFirebaseAppRegistrar"
61-->[:firebase_database] AndroidManifest.xml:10:17-127
62                android:value="com.google.firebase.components.ComponentRegistrar" />
62-->[:firebase_database] AndroidManifest.xml:11:17-82
63            <meta-data
63-->[:firebase_core] AndroidManifest.xml:9:13-11:85
64                android:name="com.google.firebase.components:io.flutter.plugins.firebase.core.FlutterFirebaseAppRegistrar"
64-->[:firebase_core] AndroidManifest.xml:10:17-123
65                android:value="com.google.firebase.components.ComponentRegistrar" />
65-->[:firebase_core] AndroidManifest.xml:11:17-82
66            <meta-data
66-->[com.google.firebase:firebase-auth:19.2.0] AndroidManifest.xml:36:13-38:85
67                android:name="com.google.firebase.components:com.google.firebase.auth.FirebaseAuthRegistrar"
67-->[com.google.firebase:firebase-auth:19.2.0] AndroidManifest.xml:37:17-109
68                android:value="com.google.firebase.components.ComponentRegistrar" />
68-->[com.google.firebase:firebase-auth:19.2.0] AndroidManifest.xml:38:17-82
69            <meta-data
69-->[com.google.firebase:firebase-database:17.0.0] AndroidManifest.xml:30:13-32:85
70                android:name="com.google.firebase.components:com.google.firebase.database.DatabaseRegistrar"
70-->[com.google.firebase:firebase-database:17.0.0] AndroidManifest.xml:31:17-109
71                android:value="com.google.firebase.components.ComponentRegistrar" />
71-->[com.google.firebase:firebase-database:17.0.0] AndroidManifest.xml:32:17-82
72        </service>
73
74        <activity
74-->[com.google.firebase:firebase-auth:19.2.0] AndroidManifest.xml:24:9-31:50
75            android:name="com.google.firebase.auth.internal.FederatedSignInActivity"
75-->[com.google.firebase:firebase-auth:19.2.0] AndroidManifest.xml:25:13-85
76            android:excludeFromRecents="true"
76-->[com.google.firebase:firebase-auth:19.2.0] AndroidManifest.xml:26:13-46
77            android:exported="true"
77-->[com.google.firebase:firebase-auth:19.2.0] AndroidManifest.xml:27:13-36
78            android:launchMode="singleTask"
78-->[com.google.firebase:firebase-auth:19.2.0] AndroidManifest.xml:28:13-44
79            android:permission="com.google.firebase.auth.api.gms.permission.LAUNCH_FEDERATED_SIGN_IN"
79-->[com.google.firebase:firebase-auth:19.2.0] AndroidManifest.xml:29:13-102
80            android:theme="@android:style/Theme.Translucent.NoTitleBar" />
80-->[com.google.firebase:firebase-auth:19.2.0] AndroidManifest.xml:30:13-72
81        <activity
81-->[com.google.android.gms:play-services-base:17.1.0] AndroidManifest.xml:23:9-26:75
82            android:name="com.google.android.gms.common.api.GoogleApiActivity"
82-->[com.google.android.gms:play-services-base:17.1.0] AndroidManifest.xml:24:13-79
83            android:exported="false"
83-->[com.google.android.gms:play-services-base:17.1.0] AndroidManifest.xml:25:13-37
84            android:theme="@android:style/Theme.Translucent.NoTitleBar" />
84-->[com.google.android.gms:play-services-base:17.1.0] AndroidManifest.xml:26:13-72
85
86        <provider
86-->[com.google.firebase:firebase-common:19.3.0] AndroidManifest.xml:26:9-30:39
87            android:name="com.google.firebase.provider.FirebaseInitProvider"
87-->[com.google.firebase:firebase-common:19.3.0] AndroidManifest.xml:27:13-77
88            android:authorities="com.example.tutorinv.firebaseinitprovider"
88-->[com.google.firebase:firebase-common:19.3.0] AndroidManifest.xml:28:13-72
89            android:exported="false"
89-->[com.google.firebase:firebase-common:19.3.0] AndroidManifest.xml:29:13-37
90            android:initOrder="100" />
90-->[com.google.firebase:firebase-common:19.3.0] AndroidManifest.xml:30:13-36
91
92        <meta-data
92-->[com.google.android.gms:play-services-basement:17.0.0] AndroidManifest.xml:23:9-25:69
93            android:name="com.google.android.gms.version"
93-->[com.google.android.gms:play-services-basement:17.0.0] AndroidManifest.xml:24:13-58
94            android:value="@integer/google_play_services_version" />
94-->[com.google.android.gms:play-services-basement:17.0.0] AndroidManifest.xml:25:13-66
95
96        <activity
96-->[com.facebook.android:facebook-common:5.5.1] AndroidManifest.xml:29:9-32:66
97            android:name="com.facebook.FacebookActivity"
97-->[com.facebook.android:facebook-common:5.5.1] AndroidManifest.xml:30:13-57
98            android:configChanges="keyboard|keyboardHidden|screenLayout|screenSize|orientation"
98-->[com.facebook.android:facebook-common:5.5.1] AndroidManifest.xml:31:13-96
99            android:theme="@style/com_facebook_activity_theme" />
99-->[com.facebook.android:facebook-common:5.5.1] AndroidManifest.xml:32:13-63
100        <activity android:name="com.facebook.CustomTabMainActivity" />
100-->[com.facebook.android:facebook-common:5.5.1] AndroidManifest.xml:33:9-71
100-->[com.facebook.android:facebook-common:5.5.1] AndroidManifest.xml:33:19-68
101        <activity android:name="com.facebook.CustomTabActivity" />
101-->[com.facebook.android:facebook-common:5.5.1] AndroidManifest.xml:34:9-67
101-->[com.facebook.android:facebook-common:5.5.1] AndroidManifest.xml:34:19-64
102        <!--
103         The initialization ContentProvider will call FacebookSdk.sdkInitialize automatically
104         with the application context. This config is merged in with the host app's manifest,
105         but there can only be one provider with the same authority activated at any given
106         point; so if the end user has two or more different apps that use Facebook SDK, only the
107         first one will be able to use the provider. To work around this problem, we use the
108         following placeholder in the authority to identify each host application as if it was
109         a completely different provider.
110        -->
111        <provider
111-->[com.facebook.android:facebook-core:5.5.1] AndroidManifest.xml:39:9-42:40
112            android:name="com.facebook.internal.FacebookInitProvider"
112-->[com.facebook.android:facebook-core:5.5.1] AndroidManifest.xml:40:13-70
113            android:authorities="com.example.tutorinv.FacebookInitProvider"
113-->[com.facebook.android:facebook-core:5.5.1] AndroidManifest.xml:41:13-72
114            android:exported="false" />
114-->[com.facebook.android:facebook-core:5.5.1] AndroidManifest.xml:42:13-37
115
116        <receiver
116-->[com.facebook.android:facebook-core:5.5.1] AndroidManifest.xml:44:9-50:20
117            android:name="com.facebook.CurrentAccessTokenExpirationBroadcastReceiver"
117-->[com.facebook.android:facebook-core:5.5.1] AndroidManifest.xml:45:13-86
118            android:exported="false" >
118-->[com.facebook.android:facebook-core:5.5.1] AndroidManifest.xml:46:13-37
119            <intent-filter>
119-->[com.facebook.android:facebook-core:5.5.1] AndroidManifest.xml:47:13-49:29
120                <action android:name="com.facebook.sdk.ACTION_CURRENT_ACCESS_TOKEN_CHANGED" />
120-->[com.facebook.android:facebook-core:5.5.1] AndroidManifest.xml:48:17-95
120-->[com.facebook.android:facebook-core:5.5.1] AndroidManifest.xml:48:25-92
121            </intent-filter>
122        </receiver>
123        <receiver
123-->[com.facebook.android:facebook-core:5.5.1] AndroidManifest.xml:51:9-58:20
124            android:name="com.facebook.CampaignTrackingReceiver"
124-->[com.facebook.android:facebook-core:5.5.1] AndroidManifest.xml:52:13-65
125            android:exported="true"
125-->[com.facebook.android:facebook-core:5.5.1] AndroidManifest.xml:53:13-36
126            android:permission="android.permission.INSTALL_PACKAGES" >
126-->[com.facebook.android:facebook-core:5.5.1] AndroidManifest.xml:54:13-69
127            <intent-filter>
127-->[com.facebook.android:facebook-core:5.5.1] AndroidManifest.xml:55:13-57:29
128                <action android:name="com.android.vending.INSTALL_REFERRER" />
128-->[com.facebook.android:facebook-core:5.5.1] AndroidManifest.xml:56:17-79
128-->[com.facebook.android:facebook-core:5.5.1] AndroidManifest.xml:56:25-76
129            </intent-filter>
130        </receiver>
131    </application>
132
133</manifest>